<?xml version="1.0" encoding="UTF-8"?>
<!-- Generated by org.testng.reporters.JUnitReportReporter -->
<testsuite skipped="0" hostname="INDHYDELP029" name="com.demo.screenshot.TakeScreenShot$takeScreenShotExample" tests="1" failures="0" timestamp="21 Mar 2018 08:49:37 GMT" time="9.320" errors="0">
  <testcase name="openBrowser" time="9.320" classname="com.demo.screenshot.TakeScreenShot$takeScreenShotExample"/>
</testsuite> <!-- com.demo.screenshot.TakeScreenShot$takeScreenShotExample -->
