<?xml version="1.0" encoding="UTF-8"?>
<!-- Generated by org.testng.reporters.JUnitReportReporter -->
<testsuite skipped="0" hostname="INDHYDELP029" name="com.demo.testNG.AssertVsVerify.AssertVsVerify" tests="1" failures="0" timestamp="22 Mar 2018 13:31:33 GMT" time="9.303" errors="0">
  <testcase name="testNG" time="9.303" classname="com.demo.testNG.AssertVsVerify.AssertVsVerify"/>
</testsuite> <!-- com.demo.testNG.AssertVsVerify.AssertVsVerify -->
